<?xml version="1.0" encoding="UTF-8"?>
<!-- Generated by org.testng.reporters.JUnitReportReporter -->
<testsuite hostname="ENCDTH013" name="SamplePack.hello" tests="1" failures="0" timestamp="11 Jun 2019 07:38:49 GMT" time="15.380" errors="0">
  <testcase name="openMyBlog" time="15.380" classname="SamplePack.hello"/>
</testsuite> <!-- SamplePack.hello -->
