<?xml version="1.0" encoding="UTF-8"?>
<!-- Generated by org.testng.reporters.JUnitReportReporter -->
<testsuite hostname="ENCDTH013" name="SamplePack.hello" tests="1" failures="0" timestamp="12 Jun 2019 06:09:00 GMT" time="42.302" errors="0">
  <testcase name="openMyBlog" time="42.302" classname="SamplePack.hello"/>
</testsuite> <!-- SamplePack.hello -->
