<?xml version="1.0" encoding="UTF-8"?>
<!-- Generated by org.testng.reporters.JUnitReportReporter -->
<testsuite hostname="ENCDTH013" name="SamplePack.hello" tests="1" failures="0" timestamp="6 Jun 2019 09:59:57 GMT" time="10.579" errors="0">
  <testcase name="openMyBlog" time="10.579" classname="SamplePack.hello"/>
</testsuite> <!-- SamplePack.hello -->
