<?xml version="1.0" encoding="UTF-8"?>
<!-- Generated by org.testng.reporters.JUnitReportReporter -->
<testsuite hostname="ENCDTH013" name="SamplePack.hello" tests="1" failures="0" timestamp="12 Jun 2019 06:30:06 GMT" time="26.660" errors="0">
  <testcase name="openMyBlog" time="26.660" classname="SamplePack.hello"/>
</testsuite> <!-- SamplePack.hello -->
