<?xml version="1.0" encoding="UTF-8"?>
<!-- Generated by org.testng.reporters.JUnitReportReporter -->
<testsuite hostname="ENCDTH013" name="SamplePack.hello" tests="1" failures="0" timestamp="29 May 2019 13:31:39 GMT" time="25.657" errors="0">
  <testcase name="openMyBlog" time="25.657" classname="SamplePack.hello"/>
</testsuite> <!-- SamplePack.hello -->
